<?xml version="1.0" encoding="UTF-8"?>
<!-- Generated by org.testng.reporters.JUnitReportReporter -->
<testsuite hostname="billals-MacBook-Pro.local" failures="0" tests="1" name="TestHomePage.TestHomePage" time="10.455" errors="0" timestamp="2020-02-20T23:06:31 EST" skipped="0">
  <testcase classname="TestHomePage.TestHomePage" name="FrameCheckRadioBox" time="10.455"/>
  <system-out/>
</testsuite> <!-- TestHomePage.TestHomePage -->
